<?xml version="1.0" encoding="UTF-8"?>
<testng-results ignored="1" total="2" passed="1" failed="0" skipped="0">
  <reporter-output>
  </reporter-output>
  <suite started-at="2024-02-22T07:30:31Z" name="Suite" finished-at="2024-02-22T07:31:13Z" duration-ms="42582">
    <groups>
      <group name="regression">
        <method signature="CreateOpportunitiesTest.createOpportunitiesWithOrganizationNameAndCampaignNameAndVerifyTest()[pri:0, instance:opportunities_module.CreateOpportunitiesTest@1b75c2e3]" name="createOpportunitiesWithOrganizationNameAndCampaignNameAndVerifyTest" class="opportunities_module.CreateOpportunitiesTest"/>
      </group> <!-- regression -->
    </groups>
    <test started-at="2024-02-22T07:30:31Z" name="Test" finished-at="2024-02-22T07:31:13Z" duration-ms="42582">
      <class name="opportunities_module.CreateOpportunitiesTest">
        <test-method is-config="true" signature="bcConfig()[pri:0, instance:opportunities_module.CreateOpportunitiesTest@1b75c2e3]" started-at="2024-02-22T07:30:31Z" name="bcConfig" finished-at="2024-02-22T07:30:34Z" duration-ms="3137" status="PASS">
          <reporter-output>
          </reporter-output>
        </test-method> <!-- bcConfig -->
        <test-method is-config="true" signature="bmConfig()[pri:0, instance:opportunities_module.CreateOpportunitiesTest@1b75c2e3]" started-at="2024-02-22T07:30:34Z" name="bmConfig" finished-at="2024-02-22T07:30:37Z" duration-ms="3160" status="PASS">
          <reporter-output>
          </reporter-output>
        </test-method> <!-- bmConfig -->
        <test-method signature="createOpportunitiesWithOrganizationNameAndCampaignNameAndVerifyTest()[pri:0, instance:opportunities_module.CreateOpportunitiesTest@1b75c2e3]" started-at="2024-02-22T07:30:37Z" name="createOpportunitiesWithOrganizationNameAndCampaignNameAndVerifyTest" finished-at="2024-02-22T07:31:11Z" duration-ms="33784" status="PASS">
          <reporter-output>
          </reporter-output>
        </test-method> <!-- createOpportunitiesWithOrganizationNameAndCampaignNameAndVerifyTest -->
        <test-method is-config="true" signature="amConfig()[pri:0, instance:opportunities_module.CreateOpportunitiesTest@1b75c2e3]" started-at="2024-02-22T07:31:11Z" name="amConfig" finished-at="2024-02-22T07:31:13Z" duration-ms="1921" status="PASS">
          <reporter-output>
          </reporter-output>
        </test-method> <!-- amConfig -->
        <test-method is-config="true" signature="acConfig()[pri:0, instance:opportunities_module.CreateOpportunitiesTest@1b75c2e3]" started-at="2024-02-22T07:31:13Z" name="acConfig" finished-at="2024-02-22T07:31:13Z" duration-ms="205" status="PASS">
          <reporter-output>
          </reporter-output>
        </test-method> <!-- acConfig -->
      </class> <!-- opportunities_module.CreateOpportunitiesTest -->
    </test> <!-- Test -->
  </suite> <!-- Suite -->
</testng-results>
