<?xml version="1.0" encoding="UTF-8"?>
<testng-results ignored="2" total="4" passed="2" failed="0" skipped="0">
  <reporter-output>
  </reporter-output>
  <suite started-at="2024-02-23T04:26:56Z" name="Surefire suite" finished-at="2024-02-23T04:28:00Z" duration-ms="63728">
    <groups>
      <group name="regression">
        <method signature="CreateOpportunitiesTest.createOpportunitiesWithOrganizationNameAndCampaignNameAndVerifyTest()[pri:0, instance:opportunities_module.CreateOpportunitiesTest@233795b6]" name="createOpportunitiesWithOrganizationNameAndCampaignNameAndVerifyTest" class="opportunities_module.CreateOpportunitiesTest"/>
      </group> <!-- regression -->
      <group name="smoke">
        <method signature="ToCreateALeadTest.toCreateALeadAndToVerifyTheLeadDetails()[pri:1, instance:leads_module.ToCreateALeadTest@f5958c9]" name="toCreateALeadAndToVerifyTheLeadDetails" class="leads_module.ToCreateALeadTest"/>
      </group> <!-- smoke -->
    </groups>
    <test started-at="2024-02-23T04:26:56Z" name="Surefire test" finished-at="2024-02-23T04:28:00Z" duration-ms="63728">
      <class name="leads_module.ToCreateALeadTest">
        <test-method is-config="true" signature="bsConfig()[pri:0, instance:leads_module.ToCreateALeadTest@f5958c9]" started-at="2024-02-23T04:26:56Z" name="bsConfig" finished-at="2024-02-23T04:26:56Z" duration-ms="508" status="PASS">
          <reporter-output>
          </reporter-output>
        </test-method> <!-- bsConfig -->
        <test-method is-config="true" signature="bcConfig()[pri:0, instance:leads_module.ToCreateALeadTest@f5958c9]" started-at="2024-02-23T04:27:40Z" name="bcConfig" finished-at="2024-02-23T04:27:43Z" duration-ms="2311" status="PASS">
          <reporter-output>
          </reporter-output>
        </test-method> <!-- bcConfig -->
        <test-method is-config="true" signature="bmConfig()[pri:0, instance:leads_module.ToCreateALeadTest@f5958c9]" started-at="2024-02-23T04:27:43Z" name="bmConfig" finished-at="2024-02-23T04:27:46Z" duration-ms="3150" status="PASS">
          <reporter-output>
          </reporter-output>
        </test-method> <!-- bmConfig -->
        <test-method signature="toCreateALeadAndToVerifyTheLeadDetails()[pri:1, instance:leads_module.ToCreateALeadTest@f5958c9]" started-at="2024-02-23T04:27:46Z" name="toCreateALeadAndToVerifyTheLeadDetails" finished-at="2024-02-23T04:27:58Z" duration-ms="12056" status="PASS">
          <reporter-output>
          </reporter-output>
        </test-method> <!-- toCreateALeadAndToVerifyTheLeadDetails -->
        <test-method is-config="true" signature="amConfig()[pri:0, instance:leads_module.ToCreateALeadTest@f5958c9]" started-at="2024-02-23T04:27:58Z" name="amConfig" finished-at="2024-02-23T04:28:00Z" duration-ms="1882" status="PASS">
          <reporter-output>
          </reporter-output>
        </test-method> <!-- amConfig -->
        <test-method is-config="true" signature="acConfig()[pri:0, instance:leads_module.ToCreateALeadTest@f5958c9]" started-at="2024-02-23T04:28:00Z" name="acConfig" finished-at="2024-02-23T04:28:00Z" duration-ms="141" status="PASS">
          <reporter-output>
          </reporter-output>
        </test-method> <!-- acConfig -->
        <test-method is-config="true" signature="asConfig()[pri:0, instance:leads_module.ToCreateALeadTest@f5958c9]" started-at="2024-02-23T04:28:01Z" name="asConfig" finished-at="2024-02-23T04:28:01Z" duration-ms="14" status="PASS">
          <reporter-output>
          </reporter-output>
        </test-method> <!-- asConfig -->
      </class> <!-- leads_module.ToCreateALeadTest -->
      <class name="opportunities_module.CreateOpportunitiesTest">
        <test-method is-config="true" signature="bcConfig()[pri:0, instance:opportunities_module.CreateOpportunitiesTest@233795b6]" started-at="2024-02-23T04:26:56Z" name="bcConfig" finished-at="2024-02-23T04:26:59Z" duration-ms="3074" status="PASS">
          <reporter-output>
          </reporter-output>
        </test-method> <!-- bcConfig -->
        <test-method is-config="true" signature="bmConfig()[pri:0, instance:opportunities_module.CreateOpportunitiesTest@233795b6]" started-at="2024-02-23T04:26:59Z" name="bmConfig" finished-at="2024-02-23T04:27:04Z" duration-ms="4310" status="PASS">
          <reporter-output>
          </reporter-output>
        </test-method> <!-- bmConfig -->
        <test-method signature="createOpportunitiesWithOrganizationNameAndCampaignNameAndVerifyTest()[pri:0, instance:opportunities_module.CreateOpportunitiesTest@233795b6]" started-at="2024-02-23T04:27:04Z" name="createOpportunitiesWithOrganizationNameAndCampaignNameAndVerifyTest" finished-at="2024-02-23T04:27:38Z" duration-ms="34406" status="PASS">
          <reporter-output>
          </reporter-output>
        </test-method> <!-- createOpportunitiesWithOrganizationNameAndCampaignNameAndVerifyTest -->
        <test-method is-config="true" signature="amConfig()[pri:0, instance:opportunities_module.CreateOpportunitiesTest@233795b6]" started-at="2024-02-23T04:27:38Z" name="amConfig" finished-at="2024-02-23T04:27:40Z" duration-ms="1883" status="PASS">
          <reporter-output>
          </reporter-output>
        </test-method> <!-- amConfig -->
        <test-method is-config="true" signature="acConfig()[pri:0, instance:opportunities_module.CreateOpportunitiesTest@233795b6]" started-at="2024-02-23T04:27:40Z" name="acConfig" finished-at="2024-02-23T04:27:40Z" duration-ms="232" status="PASS">
          <reporter-output>
          </reporter-output>
        </test-method> <!-- acConfig -->
      </class> <!-- opportunities_module.CreateOpportunitiesTest -->
    </test> <!-- Surefire test -->
  </suite> <!-- Surefire suite -->
</testng-results>
