<?xml version="1.0" encoding="UTF-8"?>
<!-- Generated by org.testng.reporters.JUnitXMLReporter -->
<testsuite ignored="1" hostname="DESKTOP-AGBRFT0" failures="0" tests="1" name="Test" time="42.582" errors="0" timestamp="22 Feb 2024 07:31:14 GMT">
  <testcase classname="opportunities_module.CreateOpportunitiesTest" name="createOpportunitiesWithOrganizationNameAndCampaignNameAndVerifyTest" time="33.784"/>
  <testcase classname="leads_module.ToCreateALeadTest" name="toCreateALeadAndToVerifyTheLeadDetails" time="0.0">
    <ignored/>
  </testcase> <!-- toCreateALeadAndToVerifyTheLeadDetails -->
</testsuite> <!-- Test -->
